<?xml version="1.0" encoding="UTF-8"?>
<!-- Generated by org.testng.reporters.JUnitReportReporter -->
<testsuite skipped="0" hostname="YUVA-PC" name="framework.base" tests="1" failures="0" timestamp="08 Feb 2020 13:50:17 GMT" time="0.031" errors="0">
  <testcase name="initializeDriver" time="0.031" classname="framework.base"/>
</testsuite> <!-- framework.base -->
