<?xml version="1.0" encoding="UTF-8"?>
<!-- Generated by org.testng.reporters.JUnitReportReporter -->
<testsuite skipped="0" hostname="YUVA-PC" name="framework.HomePage" tests="1" failures="0" timestamp="15 Mar 2020 02:28:07 GMT" time="4.679" errors="0">
  <testcase name="basePagenavigation" time="4.679" classname="framework.HomePage"/>
</testsuite> <!-- framework.HomePage -->
