<?xml version="1.0" encoding="UTF-8"?>
<!-- Generated by org.testng.reporters.JUnitReportReporter -->
<testsuite skipped="0" hostname="YUVA-PC" name="cucumberOptions.testRunner" tests="1" failures="0" timestamp="11 Mar 2020 15:16:25 GMT" time="0.022" errors="0">
  <testcase name="feature" time="0.022" classname="cucumberOptions.testRunner"/>
</testsuite> <!-- cucumberOptions.testRunner -->
